<?xml version="1.0" encoding="UTF-8"?>
<!-- Generated by org.testng.reporters.JUnitReportReporter -->
<testsuite skipped="0" hostname="DN" name="com.qa.pagetest.LoginPageTest" tests="2" failures="0" timestamp="2020-06-05T21:38:11 IST" time="35.510" errors="0">
  <testcase name="loginTest" time="21.513" classname="com.qa.pagetest.LoginPageTest"/>
  <system-out/>
  <testcase name="verifyLoginPageTitleTest" time="13.997" classname="com.qa.pagetest.LoginPageTest"/>
  <system-out/>
</testsuite> <!-- com.qa.pagetest.LoginPageTest -->
